2025-01-23 13:38:19,950 - INFO - Directory 'C:\Users\mandart\A_MANDAR_DOCUMENTS\AI4HYDROP\AI_Prague_Zip\ROM_Prague-main\API\..\Results\data_POD' already exists.
2025-01-23 13:45:13,333 - INFO - Directory 'C:\Users\mandart\A_MANDAR_DOCUMENTS\AI4HYDROP\AI_Prague_Zip\ROM_Prague-main\API\..\Results\data_POD' already exists.
2025-01-23 13:49:50,515 - INFO - Directory 'C:\Users\mandart\A_MANDAR_DOCUMENTS\AI4HYDROP\AI_Prague_Zip\ROM_Prague-main\API\..\Results\data_POD' already exists.
2025-01-23 13:54:07,966 - INFO - Directory 'C:\Users\mandart\A_MANDAR_DOCUMENTS\AI4HYDROP\AI_Prague_Zip\ROM_Prague-main\API\..\Results\data_POD' already exists.
2025-01-23 13:54:08,038 - INFO - Directory 'C:\Users\mandart\A_MANDAR_DOCUMENTS\AI4HYDROP\AI_Prague_Zip\ROM_Prague-main\API\..\Results\data_POD\CSV_Database' already exists.
2025-01-23 13:54:08,404 - INFO - Directory 'C:\Users\mandart\A_MANDAR_DOCUMENTS\AI4HYDROP\AI_Prague_Zip\ROM_Prague-main\API\..\Results\data_POD\VTK_Database' already exists.
2025-01-23 13:54:08,473 - INFO - Directory 'C:\Users\mandart\A_MANDAR_DOCUMENTS\AI4HYDROP\AI_Prague_Zip\ROM_Prague-main\API\..\Results\data_POD\CSV_Database' already exists.
2025-01-23 13:54:08,937 - INFO - Directory 'C:\Users\mandart\A_MANDAR_DOCUMENTS\AI4HYDROP\AI_Prague_Zip\ROM_Prague-main\API\..\Results\data_POD\CSV_Database' already exists.
2025-01-23 13:54:09,509 - INFO - Directory 'C:\Users\mandart\A_MANDAR_DOCUMENTS\AI4HYDROP\AI_Prague_Zip\ROM_Prague-main\API\..\Results\data_POD\VTK_Database' already exists.
2025-01-23 13:54:09,582 - INFO - Directory 'C:\Users\mandart\A_MANDAR_DOCUMENTS\AI4HYDROP\AI_Prague_Zip\ROM_Prague-main\API\..\Results\data_POD\CSV_Database' already exists.
2025-01-23 13:54:10,170 - INFO - Latitude and longitude are within bounds. Proceeding with further processing.
2025-01-23 13:54:10,173 - INFO - using nearest based on lat-long. Haversten  not used.
2025-01-23 13:54:10,173 - INFO - Latitude and longitude are within bounds. Proceeding with further processing.
2025-01-23 13:54:10,175 - INFO - using nearest based on lat-long. Haversten  not used.
2025-01-23 13:54:10,176 - INFO - Latitude and longitude are within bounds. Proceeding with further processing.
2025-01-23 13:54:10,178 - INFO - using nearest based on lat-long. Haversten  not used.
2025-01-23 13:54:10,178 - INFO - Latitude and longitude are within bounds. Proceeding with further processing.
2025-01-23 13:54:10,179 - INFO - using nearest based on lat-long. Haversten  not used.
2025-01-23 13:54:10,181 - INFO - Latitude and longitude are within bounds. Proceeding with further processing.
2025-01-23 13:54:10,182 - INFO - using nearest based on lat-long. Haversten  not used.
2025-01-23 13:54:10,183 - INFO - Latitude and longitude are within bounds. Proceeding with further processing.
2025-01-23 13:54:10,184 - INFO - using nearest based on lat-long. Haversten  not used.
2025-01-23 13:54:10,185 - INFO - Latitude and longitude are within bounds. Proceeding with further processing.
2025-01-23 13:54:10,187 - INFO - using nearest based on lat-long. Haversten  not used.
2025-01-23 13:54:10,188 - INFO - Latitude and longitude are within bounds. Proceeding with further processing.
2025-01-23 13:54:10,189 - INFO - using nearest based on lat-long. Haversten  not used.
2025-01-23 13:54:10,190 - INFO - Latitude and longitude are within bounds. Proceeding with further processing.
2025-01-23 13:54:10,191 - INFO - using nearest based on lat-long. Haversten  not used.
2025-01-23 13:54:10,191 - INFO - Latitude and longitude are within bounds. Proceeding with further processing.
2025-01-23 13:54:10,192 - INFO - using nearest based on lat-long. Haversten  not used.
2025-01-23 13:55:13,491 - INFO - Directory 'C:\Users\mandart\A_MANDAR_DOCUMENTS\AI4HYDROP\AI_Prague_Zip\ROM_Prague-main\API\..\Results\data_POD' already exists.
2025-01-23 13:59:44,448 - INFO - Directory 'C:\Users\mandart\A_MANDAR_DOCUMENTS\AI4HYDROP\AI_Prague_Zip\ROM_Prague-main\API\..\Results\data_POD' already exists.
2025-01-23 14:01:54,789 - INFO - Directory 'C:\Users\mandart\A_MANDAR_DOCUMENTS\AI4HYDROP\AI_Prague_Zip\ROM_Prague-main\API\..\Results\data_POD' already exists.
2025-01-23 14:01:54,852 - INFO - Directory 'C:\Users\mandart\A_MANDAR_DOCUMENTS\AI4HYDROP\AI_Prague_Zip\ROM_Prague-main\API\..\Results\data_POD\CSV_Database' already exists.
2025-01-23 14:01:55,489 - INFO - Directory 'C:\Users\mandart\A_MANDAR_DOCUMENTS\AI4HYDROP\AI_Prague_Zip\ROM_Prague-main\API\..\Results\data_POD\VTK_Database' already exists.
2025-01-23 14:01:55,575 - INFO - Directory 'C:\Users\mandart\A_MANDAR_DOCUMENTS\AI4HYDROP\AI_Prague_Zip\ROM_Prague-main\API\..\Results\data_POD\CSV_Database' already exists.
2025-01-23 14:01:56,254 - INFO - Directory 'C:\Users\mandart\A_MANDAR_DOCUMENTS\AI4HYDROP\AI_Prague_Zip\ROM_Prague-main\API\..\Results\data_POD\CSV_Database' already exists.
2025-01-23 14:01:57,158 - INFO - Directory 'C:\Users\mandart\A_MANDAR_DOCUMENTS\AI4HYDROP\AI_Prague_Zip\ROM_Prague-main\API\..\Results\data_POD\VTK_Database' already exists.
2025-01-23 14:01:57,310 - INFO - Directory 'C:\Users\mandart\A_MANDAR_DOCUMENTS\AI4HYDROP\AI_Prague_Zip\ROM_Prague-main\API\..\Results\data_POD\CSV_Database' already exists.
2025-01-23 14:01:58,346 - INFO - Latitude and longitude are within bounds. Proceeding with further processing.
2025-01-23 14:01:58,352 - INFO - using nearest based on lat-long. Haversten  not used.
2025-01-23 14:01:58,354 - INFO - Latitude and longitude are within bounds. Proceeding with further processing.
2025-01-23 14:01:58,358 - INFO - using nearest based on lat-long. Haversten  not used.
2025-01-23 14:01:58,359 - INFO - Latitude and longitude are within bounds. Proceeding with further processing.
2025-01-23 14:01:58,363 - INFO - using nearest based on lat-long. Haversten  not used.
2025-01-23 14:01:58,365 - INFO - Latitude and longitude are within bounds. Proceeding with further processing.
2025-01-23 14:01:58,368 - INFO - using nearest based on lat-long. Haversten  not used.
2025-01-23 14:01:58,370 - INFO - Latitude and longitude are within bounds. Proceeding with further processing.
2025-01-23 14:01:58,373 - INFO - using nearest based on lat-long. Haversten  not used.
2025-01-23 14:01:58,375 - INFO - Latitude and longitude are within bounds. Proceeding with further processing.
2025-01-23 14:01:58,378 - INFO - using nearest based on lat-long. Haversten  not used.
2025-01-23 14:01:58,381 - INFO - Latitude and longitude are within bounds. Proceeding with further processing.
2025-01-23 14:01:58,385 - INFO - using nearest based on lat-long. Haversten  not used.
2025-01-23 14:01:58,387 - INFO - Latitude and longitude are within bounds. Proceeding with further processing.
2025-01-23 14:01:58,390 - INFO - using nearest based on lat-long. Haversten  not used.
2025-01-23 14:01:58,392 - INFO - Latitude and longitude are within bounds. Proceeding with further processing.
2025-01-23 14:01:58,396 - INFO - using nearest based on lat-long. Haversten  not used.
2025-01-23 14:01:58,398 - INFO - Latitude and longitude are within bounds. Proceeding with further processing.
2025-01-23 14:01:58,402 - INFO - using nearest based on lat-long. Haversten  not used.
2025-01-23 14:10:40,200 - INFO - Directory 'C:\Users\mandart\A_MANDAR_DOCUMENTS\AI4HYDROP\AI_Prague_Zip\ROM_Prague-main\API\..\Results\data_POD' already exists.
2025-01-23 14:10:40,283 - INFO - Directory 'C:\Users\mandart\A_MANDAR_DOCUMENTS\AI4HYDROP\AI_Prague_Zip\ROM_Prague-main\API\..\Results\data_POD\CSV_Database' already exists.
2025-01-23 14:10:40,715 - INFO - Directory 'C:\Users\mandart\A_MANDAR_DOCUMENTS\AI4HYDROP\AI_Prague_Zip\ROM_Prague-main\API\..\Results\data_POD\VTK_Database' already exists.
2025-01-23 14:10:40,822 - INFO - Directory 'C:\Users\mandart\A_MANDAR_DOCUMENTS\AI4HYDROP\AI_Prague_Zip\ROM_Prague-main\API\..\Results\data_POD\CSV_Database' already exists.
2025-01-23 14:10:41,398 - INFO - Directory 'C:\Users\mandart\A_MANDAR_DOCUMENTS\AI4HYDROP\AI_Prague_Zip\ROM_Prague-main\API\..\Results\data_POD\CSV_Database' already exists.
2025-01-23 14:10:42,055 - INFO - Directory 'C:\Users\mandart\A_MANDAR_DOCUMENTS\AI4HYDROP\AI_Prague_Zip\ROM_Prague-main\API\..\Results\data_POD\VTK_Database' already exists.
2025-01-23 14:10:42,162 - INFO - Directory 'C:\Users\mandart\A_MANDAR_DOCUMENTS\AI4HYDROP\AI_Prague_Zip\ROM_Prague-main\API\..\Results\data_POD\CSV_Database' already exists.
2025-01-23 14:10:42,828 - INFO - Latitude and longitude are within bounds. Proceeding with further processing.
2025-01-23 14:10:42,830 - INFO - using nearest based on lat-long. Haversten  not used.
2025-01-23 14:10:42,831 - INFO - Latitude and longitude are within bounds. Proceeding with further processing.
2025-01-23 14:10:42,832 - INFO - using nearest based on lat-long. Haversten  not used.
2025-01-23 14:10:42,833 - INFO - Latitude and longitude are within bounds. Proceeding with further processing.
2025-01-23 14:10:42,834 - INFO - using nearest based on lat-long. Haversten  not used.
2025-01-23 14:10:42,835 - INFO - Latitude and longitude are within bounds. Proceeding with further processing.
2025-01-23 14:10:42,837 - INFO - using nearest based on lat-long. Haversten  not used.
2025-01-23 14:10:42,837 - INFO - Latitude and longitude are within bounds. Proceeding with further processing.
2025-01-23 14:10:42,838 - INFO - using nearest based on lat-long. Haversten  not used.
2025-01-23 14:10:42,839 - INFO - Latitude and longitude are within bounds. Proceeding with further processing.
2025-01-23 14:10:42,841 - INFO - using nearest based on lat-long. Haversten  not used.
2025-01-23 14:10:42,842 - INFO - Latitude and longitude are within bounds. Proceeding with further processing.
2025-01-23 14:10:42,844 - INFO - using nearest based on lat-long. Haversten  not used.
2025-01-23 14:10:42,844 - INFO - Latitude and longitude are within bounds. Proceeding with further processing.
2025-01-23 14:10:42,846 - INFO - using nearest based on lat-long. Haversten  not used.
2025-01-23 14:10:42,847 - INFO - Latitude and longitude are within bounds. Proceeding with further processing.
2025-01-23 14:10:42,848 - INFO - using nearest based on lat-long. Haversten  not used.
2025-01-23 14:10:42,849 - INFO - Latitude and longitude are within bounds. Proceeding with further processing.
2025-01-23 14:10:42,851 - INFO - using nearest based on lat-long. Haversten  not used.
